
**** Build of configuration Debug for project Lab3 ****

"C:\\ti\\ccs1271\\ccs\\utils\\bin\\gmake" -k -j 24 all -O 
 
Building file: "../lab3_main.c"
Invoking: Arm Compiler
"C:/ti/ccs1271/ccs/tools/compiler/ti-cgt-arm_20.2.7.LTS/bin/armcl" -mv7M4 --code_state=16 --float_support=FPv4SPD16 -me --include_path="U:/CprE288Workspace/Lab3" --include_path="C:/ti/TivaWare_C_Series-2.2.0.295" --include_path="C:/ti/ccs1271/ccs/tools/compiler/ti-cgt-arm_20.2.7.LTS/include" --define=ccs="ccs" --define=PART_TM4C123GH6PM -g --gcc --diag_warning=225 --diag_wrap=off --display_error_number --abi=eabi --preproc_with_compile --preproc_dependency="lab3_main.d_raw"  "../lab3_main.c"
 
>> Compilation failure
subdir_rules.mk:9: recipe for target 'lab3_main.obj' failed
"../lab3_main.c", line 17: fatal error #1965: cannot open source file "uart.h"
1 catastrophic error detected in the compilation of "../lab3_main.c".
Compilation terminated.
gmake: *** [lab3_main.obj] Error 1
gmake: Target 'all' not remade because of errors.

**** Build Finished ****
