
**** Build of configuration Debug for project Lab9 ****

"C:\\ti\\ccs1271\\ccs\\utils\\bin\\gmake" -k -j 20 all -O 
 
Building file: "../lab9.c"
Invoking: Arm Compiler
"C:/ti/ccs1271/ccs/tools/compiler/ti-cgt-arm_20.2.7.LTS/bin/armcl" -mv7M4 --code_state=16 --float_support=FPv4SPD16 -me --include_path="U:/CprE288Workspace/Lab9" --include_path="C:/ti/TivaWare_C_Series-2.2.0.295" --include_path="C:/ti/ccs1271/ccs/tools/compiler/ti-cgt-arm_20.2.7.LTS/include" --define=ccs="ccs" --define=PART_TM4C123GH6PM -g --gcc --diag_warning=225 --diag_wrap=off --display_error_number --abi=eabi --preproc_with_compile --preproc_dependency="lab9.d_raw"  "../lab9.c"
 
>> Compilation failure
subdir_rules.mk:9: recipe for target 'lab9.obj' failed
"../lab9.c", line 41: error #76: operand of "*" must be a pointer
"../lab9.c", line 63: warning #112-D: statement is unreachable
1 error detected in the compilation of "../lab9.c".
gmake: *** [lab9.obj] Error 1
Building file: "../ping.c"
Invoking: Arm Compiler
"C:/ti/ccs1271/ccs/tools/compiler/ti-cgt-arm_20.2.7.LTS/bin/armcl" -mv7M4 --code_state=16 --float_support=FPv4SPD16 -me --include_path="U:/CprE288Workspace/Lab9" --include_path="C:/ti/TivaWare_C_Series-2.2.0.295" --include_path="C:/ti/ccs1271/ccs/tools/compiler/ti-cgt-arm_20.2.7.LTS/include" --define=ccs="ccs" --define=PART_TM4C123GH6PM -g --gcc --diag_warning=225 --diag_wrap=off --display_error_number --abi=eabi --preproc_with_compile --preproc_dependency="ping.d_raw"  "../ping.c"
 
>> Compilation failure
subdir_rules.mk:9: recipe for target 'ping.obj' failed
"../ping.c", line 152: error #20: identifier "distance" is undefined
"../ping.c", line 138: warning #552-D: variable "time" was set but never used
1 error detected in the compilation of "../ping.c".
gmake: *** [ping.obj] Error 1
gmake: Target 'all' not remade because of errors.

**** Build Finished ****
